<?xml version="1.0" encoding="UTF-8"?>
<testsuite xmlns:xsi="http://www.w3.org/2001/XMLSchema-instance" xsi:noNamespaceSchemaLocation="https://maven.apache.org/surefire/maven-surefire-plugin/xsd/surefire-test-report.xsd" name="st.evora.engenharia.UserControllerTest" time="3.018" tests="1" errors="0" skipped="0" failures="1">
  <properties>
[...]
</properties>
  <testcase name="testExportPdf" classname="st.evora.engenharia.UserControllerTest" time="0.298">
    <failure message="Status expected:&lt;200&gt; but was:&lt;302&gt;" type="java.lang.AssertionError"><![CDATA[java.lang.AssertionError: Status expected:<200> but was:<302>
	at st.evora.engenharia.UserControllerTest.testExportPdf(UserControllerTest.java:54)
]]></failure>
    <system-out><![CDATA[2022-05-07 11:50:17.689  INFO 2140 --- [           main] .b.t.a.w.s.WebMvcTestContextBootstrapper : Neither @ContextConfiguration nor @ContextHierarchy found for test class [st.evora.engenharia.UserControllerTest], using SpringBootContextLoader
2022-05-07 11:50:17.691  INFO 2140 --- [           main] o.s.t.c.support.AbstractContextLoader    : Could not detect default resource locations for test class [st.evora.engenharia.UserControllerTest]: no resource found for suffixes {-context.xml, Context.groovy}.
2022-05-07 11:50:17.691  INFO 2140 --- [           main] t.c.s.AnnotationConfigContextLoaderUtils : Could not detect default configuration classes for test class [st.evora.engenharia.UserControllerTest]: UserControllerTest does not declare any static, non-private, non-final, nested classes annotated with @Configuration.
2022-05-07 11:50:17.783  INFO 2140 --- [           main] .b.t.c.SpringBootTestContextBootstrapper : Found @SpringBootConfiguration st.evora.engenharia.GeometerRestapiApplication for test class st.evora.engenharia.UserControllerTest
2022-05-07 11:50:17.786  INFO 2140 --- [           main] .b.t.a.w.s.WebMvcTestContextBootstrapper : Loaded default TestExecutionListener class names from location [META-INF/spring.factories]: [org.springframework.boot.test.mock.mockito.MockitoTestExecutionListener, org.springframework.boot.test.mock.mockito.ResetMocksTestExecutionListener, org.springframework.boot.test.autoconfigure.restdocs.RestDocsTestExecutionListener, org.springframework.boot.test.autoconfigure.web.client.MockRestServiceServerResetTestExecutionListener, org.springframework.boot.test.autoconfigure.web.servlet.MockMvcPrintOnlyOnFailureTestExecutionListener, org.springframework.boot.test.autoconfigure.web.servlet.WebDriverTestExecutionListener, org.springframework.boot.test.autoconfigure.webservices.client.MockWebServiceServerTestExecutionListener, org.springframework.test.context.web.ServletTestExecutionListener, org.springframework.test.context.support.DirtiesContextBeforeModesTestExecutionListener, org.springframework.test.context.event.ApplicationEventsTestExecutionListener, org.springframework.test.context.support.DependencyInjectionTestExecutionListener, org.springframework.test.context.support.DirtiesContextTestExecutionListener, org.springframework.test.context.transaction.TransactionalTestExecutionListener, org.springframework.test.context.jdbc.SqlScriptsTestExecutionListener, org.springframework.test.context.event.EventPublishingTestExecutionListener, org.springframework.security.test.context.support.WithSecurityContextTestExecutionListener, org.springframework.security.test.context.support.ReactorContextTestExecutionListener]
2022-05-07 11:50:17.788  INFO 2140 --- [           main] .b.t.a.w.s.WebMvcTestContextBootstrapper : Using TestExecutionListeners: [org.springframework.test.context.web.ServletTestExecutionListener@3fbf66e7, org.springframework.test.context.support.DirtiesContextBeforeModesTestExecutionListener@6abbdcde, org.springframework.test.context.event.ApplicationEventsTestExecutionListener@41ad6c00, org.springframework.boot.test.mock.mockito.MockitoTestExecutionListener@2a10407e, org.springframework.boot.test.autoconfigure.SpringBootDependencyInjectionTestExecutionListener@6edc8385, org.springframework.test.context.support.DirtiesContextTestExecutionListener@5a35efac, org.springframework.test.context.transaction.TransactionalTestExecutionListener@70d24586, org.springframework.test.context.jdbc.SqlScriptsTestExecutionListener@58e9e852, org.springframework.test.context.event.EventPublishingTestExecutionListener@52238861, org.springframework.security.test.context.support.WithSecurityContextTestExecutionListener@279e4506, org.springframework.security.test.context.support.ReactorContextTestExecutionListener@4582da06, org.springframework.boot.test.mock.mockito.ResetMocksTestExecutionListener@523e019c, org.springframework.boot.test.autoconfigure.restdocs.RestDocsTestExecutionListener@1c10eb3a, org.springframework.boot.test.autoconfigure.web.client.MockRestServiceServerResetTestExecutionListener@49f32bcb, org.springframework.boot.test.autoconfigure.web.servlet.MockMvcPrintOnlyOnFailureTestExecutionListener@1af29a19, org.springframework.boot.test.autoconfigure.web.servlet.WebDriverTestExecutionListener@38624a3a, org.springframework.boot.test.autoconfigure.webservices.client.MockWebServiceServerTestExecutionListener@23b02f37]

  .   ____          _            __ _ _
 /\\ / ___'_ __ _ _(_)_ __  __ _ \ \ \ \
( ( )\___ | '_ | '_| | '_ \/ _` | \ \ \ \
 \\/  ___)| |_)| | | | | || (_| |  ) ) ) )
  '  |____| .__|_| |_|_| |_\__, | / / / /
 =========|_|==============|___/=/_/_/_/
 :: Spring Boot ::                (v2.6.4)

2022-05-07 11:50:17.902  INFO 2140 --- [           main] st.evora.engenharia.UserControllerTest   : Starting UserControllerTest using Java 17.0.2 on DESKTOP-36GBAD4 with PID 2140 (started by KingLee in C:\Users\KingLee\Documents\workspace-spring-tool-suite-4-4.14.1.RELEASE\geometerWebAPI)
2022-05-07 11:50:17.903  INFO 2140 --- [           main] st.evora.engenharia.UserControllerTest   : No active profile set, falling back to 1 default profile: "default"
2022-05-07 11:50:19.440  INFO 2140 --- [           main] o.s.s.web.DefaultSecurityFilterChain     : Will not secure any request
2022-05-07 11:50:20.461  INFO 2140 --- [           main] o.s.b.t.m.w.SpringBootMockServletContext : Initializing Spring TestDispatcherServlet ''
2022-05-07 11:50:20.470  INFO 2140 --- [           main] o.s.t.web.servlet.TestDispatcherServlet  : Initializing Servlet ''
2022-05-07 11:50:20.473  INFO 2140 --- [           main] o.s.t.web.servlet.TestDispatcherServlet  : Completed initialization in 2 ms
2022-05-07 11:50:20.519  INFO 2140 --- [           main] st.evora.engenharia.UserControllerTest   : Started UserControllerTest in 2.714 seconds (JVM running for 30.079)

MockHttpServletRequest:
      HTTP Method = GET
      Request URI = /users/users/export/pdf
       Parameters = {}
          Headers = []
             Body = null
    Session Attrs = {SPRING_SECURITY_SAVED_REQUEST=DefaultSavedRequest [http://localhost/users/users/export/pdf]}

Handler:
             Type = null

Async:
    Async started = false
     Async result = null

Resolved Exception:
             Type = null

ModelAndView:
        View name = null
             View = null
            Model = null

FlashMap:
       Attributes = null

MockHttpServletResponse:
           Status = 302
    Error message = null
          Headers = [Access-Control-Allow-Origin:"*", Access-Control-Allow-Methods:"DELETE, GET, OPTIONS, PATCH, POST, PUT", Access-Control-Max-Age:"3600", Access-Control-Allow-Headers:"x-requested-with, authorization, Content-Type, Authorization, credential, X-XSRF-TOKEN", X-Content-Type-Options:"nosniff", X-XSS-Protection:"1; mode=block", Cache-Control:"no-cache, no-store, max-age=0, must-revalidate", Pragma:"no-cache", Expires:"0", X-Frame-Options:"DENY", Location:"http://localhost/login"]
     Content type = null
             Body = 
    Forwarded URL = null
   Redirected URL = http://localhost/login
          Cookies = []
]]></system-out>
  </testcase>
</testsuite>